Using pre-set license
Built from '2021.3/staging' branch; Version is '2021.3.15f1 (e8e88683f834) revision 15263878'; Using compiler version '192829333'; Build Type 'Release'
OS: 'Windows 11  (10.0.22621) 64bit Core' Language: 'en' Physical Memory: 8034 MB
BatchMode: 1, IsHumanControllingUs: 0, StartBugReporterOnCrash: 0, Is64bit: 1, IsPro: 1

COMMAND LINE ARGUMENTS:
C:\Program Files\Unity 2021.3.15f1\Editor\Unity.exe
-adb2
-batchMode
-noUpm
-name
AssetImportWorker1
-projectPath
C:/Users/Coding Minds/Desktop/project/Module 3
-logFile
Logs/AssetImportWorker1.log
-srvPort
55824
Successfully changed project path to: C:/Users/Coding Minds/Desktop/project/Module 3
C:/Users/Coding Minds/Desktop/project/Module 3
[UnityMemory] Configuration Parameters - Can be set up in boot.config
    "memorysetup-bucket-allocator-granularity=16"
    "memorysetup-bucket-allocator-bucket-count=8"
    "memorysetup-bucket-allocator-block-size=33554432"
    "memorysetup-bucket-allocator-block-count=8"
    "memorysetup-main-allocator-block-size=16777216"
    "memorysetup-thread-allocator-block-size=16777216"
    "memorysetup-gfx-main-allocator-block-size=16777216"
    "memorysetup-gfx-thread-allocator-block-size=16777216"
    "memorysetup-cache-allocator-block-size=4194304"
    "memorysetup-typetree-allocator-block-size=2097152"
    "memorysetup-profiler-bucket-allocator-granularity=16"
    "memorysetup-profiler-bucket-allocator-bucket-count=8"
    "memorysetup-profiler-bucket-allocator-block-size=33554432"
    "memorysetup-profiler-bucket-allocator-block-count=8"
    "memorysetup-profiler-allocator-block-size=16777216"
    "memorysetup-profiler-editor-allocator-block-size=1048576"
    "memorysetup-temp-allocator-size-main=16777216"
    "memorysetup-job-temp-allocator-block-size=2097152"
    "memorysetup-job-temp-allocator-block-size-background=1048576"
    "memorysetup-job-temp-allocator-reduction-small-platforms=262144"
    "memorysetup-temp-allocator-size-background-worker=32768"
    "memorysetup-temp-allocator-size-job-worker=262144"
    "memorysetup-temp-allocator-size-preload-manager=33554432"
    "memorysetup-temp-allocator-size-nav-mesh-worker=65536"
    "memorysetup-temp-allocator-size-audio-worker=65536"
    "memorysetup-temp-allocator-size-cloud-worker=32768"
    "memorysetup-temp-allocator-size-gi-baking-worker=262144"
    "memorysetup-temp-allocator-size-gfx=262144"
Player connection [16716] Host "[IP] 192.168.0.58 [Port] 0 [Flags] 2 [Guid] 573228019 [EditorId] 573228019 [Version] 1048832 [Id] WindowsEditor(7,DESKTOP-B1U22T8) [Debug] 1 [PackageName] WindowsEditor [ProjectName] Editor" joined multi-casting on [225.0.0.222:54997]...

Player connection [16716] Host "[IP] 192.168.0.58 [Port] 0 [Flags] 2 [Guid] 573228019 [EditorId] 573228019 [Version] 1048832 [Id] WindowsEditor(7,DESKTOP-B1U22T8) [Debug] 1 [PackageName] WindowsEditor [ProjectName] Editor" joined alternative multi-casting on [225.0.0.222:34997]...

Refreshing native plugins compatible for Editor in 116.82 ms, found 2 plugins.
Preloading 0 native plugins for Editor in 0.00 ms.
Initialize engine version: 2021.3.15f1 (e8e88683f834)
[Subsystems] Discovering subsystems at path C:/Program Files/Unity 2021.3.15f1/Editor/Data/Resources/UnitySubsystems
[Subsystems] Discovering subsystems at path C:/Users/Coding Minds/Desktop/project/Module 3/Assets
GfxDevice: creating device client; threaded=0; jobified=0
Direct3D:
    Version:  Direct3D 11.0 [level 11.1]
    Renderer: Intel(R) UHD Graphics 630 (ID=0x3e9b)
    Vendor:   Intel
    VRAM:     4017 MB
    Driver:   31.0.101.2111
Initialize mono
Mono path[0] = 'C:/Program Files/Unity 2021.3.15f1/Editor/Data/Managed'
Mono path[1] = 'C:/Program Files/Unity 2021.3.15f1/Editor/Data/MonoBleedingEdge/lib/mono/unityjit-win32'
Mono config path = 'C:/Program Files/Unity 2021.3.15f1/Editor/Data/MonoBleedingEdge/etc'
Using monoOptions --debugger-agent=transport=dt_socket,embedding=1,server=y,suspend=n,address=127.0.0.1:56704
Begin MonoManager ReloadAssembly
Registering precompiled unity dll's ...
Register platform support module: C:/Program Files/Unity 2021.3.15f1/Editor/Data/PlaybackEngines/WindowsStandaloneSupport/UnityEditor.WindowsStandalone.Extensions.dll
Registered in 0.008073 seconds.
Native extension for WindowsStandalone target not found
Refreshing native plugins compatible for Editor in 74.44 ms, found 2 plugins.
Preloading 0 native plugins for Editor in 0.00 ms.
Mono: successfully reloaded assembly
- Completed reload, in  1.215 seconds
Domain Reload Profiling:
	ReloadAssembly (1215ms)
		BeginReloadAssembly (174ms)
			ExecutionOrderSort (0ms)
			DisableScriptedObjects (0ms)
			BackupInstance (0ms)
			ReleaseScriptingObjects (0ms)
			CreateAndSetChildDomain (2ms)
		EndReloadAssembly (833ms)
			LoadAssemblies (169ms)
			RebuildTransferFunctionScriptingTraits (0ms)
			SetupTypeCache (242ms)
			ReleaseScriptCaches (0ms)
			RebuildScriptCaches (81ms)
			SetupLoadedEditorAssemblies (419ms)
				LogAssemblyErrors (0ms)
				InitializePlatformSupportModulesInManaged (13ms)
				SetLoadedEditorAssemblies (0ms)
				RefreshPlugins (75ms)
				BeforeProcessingInitializeOnLoad (2ms)
				ProcessInitializeOnLoadAttributes (250ms)
				ProcessInitializeOnLoadMethodAttributes (78ms)
				AfterProcessingInitializeOnLoad (0ms)
				EditorAssembliesLoaded (0ms)
			ExecutionOrderSort2 (0ms)
			AwakeInstancesAfterBackupRestoration (0ms)
Platform modules already initialized, skipping
Registering precompiled user dll's ...
Registered in 0.006914 seconds.
Begin MonoManager ReloadAssembly
Native extension for WindowsStandalone target not found
Refreshing native plugins compatible for Editor in 0.85 ms, found 2 plugins.
Preloading 0 native plugins for Editor in 0.00 ms.
Mono: successfully reloaded assembly
- Completed reload, in  9.684 seconds
Domain Reload Profiling:
	ReloadAssembly (9685ms)
		BeginReloadAssembly (308ms)
			ExecutionOrderSort (0ms)
			DisableScriptedObjects (12ms)
			BackupInstance (0ms)
			ReleaseScriptingObjects (0ms)
			CreateAndSetChildDomain (46ms)
		EndReloadAssembly (8972ms)
			LoadAssemblies (7629ms)
			RebuildTransferFunctionScriptingTraits (0ms)
			SetupTypeCache (466ms)
			ReleaseScriptCaches (1ms)
			RebuildScriptCaches (74ms)
			SetupLoadedEditorAssemblies (719ms)
				LogAssemblyErrors (0ms)
				InitializePlatformSupportModulesInManaged (16ms)
				SetLoadedEditorAssemblies (1ms)
				RefreshPlugins (1ms)
				BeforeProcessingInitializeOnLoad (130ms)
				ProcessInitializeOnLoadAttributes (492ms)
				ProcessInitializeOnLoadMethodAttributes (65ms)
				AfterProcessingInitializeOnLoad (13ms)
				EditorAssembliesLoaded (0ms)
			ExecutionOrderSort2 (0ms)
			AwakeInstancesAfterBackupRestoration (16ms)
Platform modules already initialized, skipping
========================================================================
Worker process is ready to serve import requests
Launched and connected shader compiler UnityShaderCompiler.exe after 0.13 seconds
Refreshing native plugins compatible for Editor in 0.61 ms, found 2 plugins.
Preloading 0 native plugins for Editor in 0.00 ms.
Unloading 1926 Unused Serialized files (Serialized files now loaded: 0)
Unloading 35 unused Assets / (1.3 MB). Loaded Objects now: 2385.
Memory consumption went from 108.6 MB to 107.3 MB.
Total: 5.371000 ms (FindLiveObjects: 0.260600 ms CreateObjectMapping: 0.207400 ms MarkObjects: 4.481500 ms  DeleteObjects: 0.419800 ms)

AssetImportParameters requested are different than current active one (requested -> active):
  custom:video-decoder-ogg-theora: a1e56fd34408186e4bbccfd4996cb3dc -> 
  custom:container-muxer-webm: aa71ff27fc2769a1b78a27578f13a17b -> 
  custom:container-demuxer-webm: 4f35f7cbe854078d1ac9338744f61a02 -> 
  custom:video-encoder-webm-vp8: eb34c28f22e8b96e1ab97ce403110664 -> 
  custom:audio-encoder-webm-vorbis: bf7c407c2cedff20999df2af8eb42d56 -> 
  custom:framework-win-MediaFoundation: 216162199b28c13a410421893ffa2e32 -> 
  custom:container-demuxer-ogg: 62fdf1f143b41e24485cea50d1cbac27 -> 
  custom:video-decoder-webm-vp8: 9c59270c3fd7afecdb556c50c9e8de78 -> 
  custom:audio-decoder-ogg-vorbis: bf7c407c2cedff20999df2af8eb42d56 -> 
========================================================================
Received Import Request.
  Time since last request: 1218362.260717 seconds.
  path: Assets/Prefabs/TimedText.prefab
  artifactKey: Guid(e98ae3560e20fda41a74238eb48cbee2) Importer(815301076,1909f56bfc062723c751e8b465ee728b)
Start importing Assets/Prefabs/TimedText.prefab using Guid(e98ae3560e20fda41a74238eb48cbee2) Importer(815301076,1909f56bfc062723c751e8b465ee728b)  -> (artifact id: '584e9a9e8a69daac5b8d3d8b08da09b5') in 1.107405 seconds 
========================================================================
Received Import Request.
  Time since last request: 0.000044 seconds.
  path: Assets/Prefabs/Player.prefab
  artifactKey: Guid(313ad0ef31f75b84f9f31c0528802fdd) Importer(815301076,1909f56bfc062723c751e8b465ee728b)
Start importing Assets/Prefabs/Player.prefab using Guid(313ad0ef31f75b84f9f31c0528802fdd) Importer(815301076,1909f56bfc062723c751e8b465ee728b)  -> (artifact id: '9a7cd0868942a8480174969a98dd0e90') in 0.489280 seconds 
========================================================================
Received Prepare
Registering precompiled user dll's ...
Registered in 0.006888 seconds.
Begin MonoManager ReloadAssembly
Native extension for WindowsStandalone target not found
Refreshing native plugins compatible for Editor in 0.68 ms, found 2 plugins.
Preloading 0 native plugins for Editor in 0.00 ms.
Mono: successfully reloaded assembly
- Completed reload, in  1.700 seconds
Domain Reload Profiling:
	ReloadAssembly (1701ms)
		BeginReloadAssembly (203ms)
			ExecutionOrderSort (0ms)
			DisableScriptedObjects (10ms)
			BackupInstance (0ms)
			ReleaseScriptingObjects (0ms)
			CreateAndSetChildDomain (50ms)
		EndReloadAssembly (1331ms)
			LoadAssemblies (131ms)
			RebuildTransferFunctionScriptingTraits (0ms)
			SetupTypeCache (390ms)
			ReleaseScriptCaches (1ms)
			RebuildScriptCaches (64ms)
			SetupLoadedEditorAssemblies (649ms)
				LogAssemblyErrors (0ms)
				InitializePlatformSupportModulesInManaged (25ms)
				SetLoadedEditorAssemblies (1ms)
				RefreshPlugins (1ms)
				BeforeProcessingInitializeOnLoad (180ms)
				ProcessInitializeOnLoadAttributes (384ms)
				ProcessInitializeOnLoadMethodAttributes (49ms)
				AfterProcessingInitializeOnLoad (9ms)
				EditorAssembliesLoaded (0ms)
			ExecutionOrderSort2 (0ms)
			AwakeInstancesAfterBackupRestoration (13ms)
Platform modules already initialized, skipping
Refreshing native plugins compatible for Editor in 4.05 ms, found 2 plugins.
Preloading 0 native plugins for Editor in 0.00 ms.
Unloading 1873 Unused Serialized files (Serialized files now loaded: 0)
Unloading 24 unused Assets / (1.2 MB). Loaded Objects now: 2404.
Memory consumption went from 107.0 MB to 105.8 MB.
Total: 7.799500 ms (FindLiveObjects: 0.308700 ms CreateObjectMapping: 0.150600 ms MarkObjects: 6.907500 ms  DeleteObjects: 0.430200 ms)

AssetImportParameters requested are different than current active one (requested -> active):
  custom:video-decoder-ogg-theora: a1e56fd34408186e4bbccfd4996cb3dc -> 
  custom:container-muxer-webm: aa71ff27fc2769a1b78a27578f13a17b -> 
  custom:container-demuxer-webm: 4f35f7cbe854078d1ac9338744f61a02 -> 
  custom:video-encoder-webm-vp8: eb34c28f22e8b96e1ab97ce403110664 -> 
  custom:audio-encoder-webm-vorbis: bf7c407c2cedff20999df2af8eb42d56 -> 
  custom:framework-win-MediaFoundation: 216162199b28c13a410421893ffa2e32 -> 
  custom:container-demuxer-ogg: 62fdf1f143b41e24485cea50d1cbac27 -> 
  custom:video-decoder-webm-vp8: 9c59270c3fd7afecdb556c50c9e8de78 -> 
  custom:audio-decoder-ogg-vorbis: bf7c407c2cedff20999df2af8eb42d56 -> 
========================================================================
Received Prepare
Registering precompiled user dll's ...
Registered in 0.005275 seconds.
Begin MonoManager ReloadAssembly
Native extension for WindowsStandalone target not found
Refreshing native plugins compatible for Editor in 0.79 ms, found 2 plugins.
Preloading 0 native plugins for Editor in 0.00 ms.
Mono: successfully reloaded assembly
- Completed reload, in  1.708 seconds
Domain Reload Profiling:
	ReloadAssembly (1709ms)
		BeginReloadAssembly (201ms)
			ExecutionOrderSort (0ms)
			DisableScriptedObjects (12ms)
			BackupInstance (0ms)
			ReleaseScriptingObjects (0ms)
			CreateAndSetChildDomain (52ms)
		EndReloadAssembly (1302ms)
			LoadAssemblies (126ms)
			RebuildTransferFunctionScriptingTraits (0ms)
			SetupTypeCache (489ms)
			ReleaseScriptCaches (1ms)
			RebuildScriptCaches (65ms)
			SetupLoadedEditorAssemblies (521ms)
				LogAssemblyErrors (0ms)
				InitializePlatformSupportModulesInManaged (20ms)
				SetLoadedEditorAssemblies (1ms)
				RefreshPlugins (1ms)
				BeforeProcessingInitializeOnLoad (93ms)
				ProcessInitializeOnLoadAttributes (346ms)
				ProcessInitializeOnLoadMethodAttributes (51ms)
				AfterProcessingInitializeOnLoad (9ms)
				EditorAssembliesLoaded (0ms)
			ExecutionOrderSort2 (0ms)
			AwakeInstancesAfterBackupRestoration (12ms)
Platform modules already initialized, skipping
Refreshing native plugins compatible for Editor in 3.00 ms, found 2 plugins.
Preloading 0 native plugins for Editor in 0.00 ms.
Unloading 1877 Unused Serialized files (Serialized files now loaded: 0)
Unloading 24 unused Assets / (1.2 MB). Loaded Objects now: 2411.
Memory consumption went from 107.2 MB to 105.9 MB.
Total: 4.816700 ms (FindLiveObjects: 0.229900 ms CreateObjectMapping: 0.110500 ms MarkObjects: 4.184800 ms  DeleteObjects: 0.289700 ms)

AssetImportParameters requested are different than current active one (requested -> active):
  custom:video-decoder-ogg-theora: a1e56fd34408186e4bbccfd4996cb3dc -> 
  custom:container-muxer-webm: aa71ff27fc2769a1b78a27578f13a17b -> 
  custom:container-demuxer-webm: 4f35f7cbe854078d1ac9338744f61a02 -> 
  custom:video-encoder-webm-vp8: eb34c28f22e8b96e1ab97ce403110664 -> 
  custom:audio-encoder-webm-vorbis: bf7c407c2cedff20999df2af8eb42d56 -> 
  custom:framework-win-MediaFoundation: 216162199b28c13a410421893ffa2e32 -> 
  custom:container-demuxer-ogg: 62fdf1f143b41e24485cea50d1cbac27 -> 
  custom:video-decoder-webm-vp8: 9c59270c3fd7afecdb556c50c9e8de78 -> 
  custom:audio-decoder-ogg-vorbis: bf7c407c2cedff20999df2af8eb42d56 -> 
========================================================================
Received Import Request.
  Time since last request: 349.539092 seconds.
  path: Assets/Textures/Checker.mat
  artifactKey: Guid(69347d92429c0854185f290eaa340194) Importer(815301076,1909f56bfc062723c751e8b465ee728b)
Start importing Assets/Textures/Checker.mat using Guid(69347d92429c0854185f290eaa340194) Importer(815301076,1909f56bfc062723c751e8b465ee728b)  -> (artifact id: '8a042db87598a20aff044c3745618030') in 0.359205 seconds 
========================================================================
Received Import Request.
  Time since last request: 0.000029 seconds.
  path: Assets/Textures/TarmacDirtSpecularGloss.tif
  artifactKey: Guid(c03a03c6197498348b59cd3e396f6c84) Importer(815301076,1909f56bfc062723c751e8b465ee728b)
Start importing Assets/Textures/TarmacDirtSpecularGloss.tif using Guid(c03a03c6197498348b59cd3e396f6c84) Importer(815301076,1909f56bfc062723c751e8b465ee728b)  -> (artifact id: 'db53db06fa5a3766edecc8738b64c3f9') in 0.058098 seconds 
========================================================================
Received Import Request.
  Time since last request: 0.000035 seconds.
  path: Assets/Textures/Cliff3 Displacement.mat
  artifactKey: Guid(740df122ddd668f4cb51cb72d94452e6) Importer(815301076,1909f56bfc062723c751e8b465ee728b)
Start importing Assets/Textures/Cliff3 Displacement.mat using Guid(740df122ddd668f4cb51cb72d94452e6) Importer(815301076,1909f56bfc062723c751e8b465ee728b)  -> (artifact id: '5d9509de5c28818d87b667b9d0a37328') in 0.913143 seconds 
========================================================================
Received Import Request.
  Time since last request: 0.000034 seconds.
  path: Assets/Textures/TarmacCautionAlbedo.tif
  artifactKey: Guid(50f1f49e1480eb64ab2fb5cafe682e0f) Importer(815301076,1909f56bfc062723c751e8b465ee728b)
Start importing Assets/Textures/TarmacCautionAlbedo.tif using Guid(50f1f49e1480eb64ab2fb5cafe682e0f) Importer(815301076,1909f56bfc062723c751e8b465ee728b)  -> (artifact id: 'c5214859eb2cec4165f068f2228aa1a9') in 0.037860 seconds 
========================================================================
Received Import Request.
  Time since last request: 0.000074 seconds.
  path: Assets/Textures/RockSharpAlbedo.png
  artifactKey: Guid(d2504622f77f75f41b1fbfcd72fc3dc3) Importer(815301076,1909f56bfc062723c751e8b465ee728b)
Start importing Assets/Textures/RockSharpAlbedo.png using Guid(d2504622f77f75f41b1fbfcd72fc3dc3) Importer(815301076,1909f56bfc062723c751e8b465ee728b)  -> (artifact id: 'b4ac309d8ce058f4f5916a8e0bcff89c') in 0.060788 seconds 
========================================================================
Received Import Request.
  Time since last request: 0.000041 seconds.
  path: Assets/Textures/TarmacSpecular.tif
  artifactKey: Guid(f015c4a3465a75c4bb19179d9a386fc1) Importer(815301076,1909f56bfc062723c751e8b465ee728b)
Start importing Assets/Textures/TarmacSpecular.tif using Guid(f015c4a3465a75c4bb19179d9a386fc1) Importer(815301076,1909f56bfc062723c751e8b465ee728b)  -> (artifact id: '8f6a3b52b7fcad44a5a9e108f2eea0c9') in 0.048919 seconds 
========================================================================
Received Import Request.
  Time since last request: 0.000439 seconds.
  path: Assets/Textures/CheckerAlbedo.mat
  artifactKey: Guid(0dfe911e387a5bf468b75134beffd191) Importer(815301076,1909f56bfc062723c751e8b465ee728b)
Start importing Assets/Textures/CheckerAlbedo.mat using Guid(0dfe911e387a5bf468b75134beffd191) Importer(815301076,1909f56bfc062723c751e8b465ee728b)  -> (artifact id: '362b3c2183b1b1399c1a28ee46226e1f') in 0.043964 seconds 
========================================================================
Received Import Request.
  Time since last request: 0.000149 seconds.
  path: Assets/Textures/GrassAlbedo.jpg
  artifactKey: Guid(036623a8b1be67a4da42af9f4deffb2f) Importer(815301076,1909f56bfc062723c751e8b465ee728b)
Start importing Assets/Textures/GrassAlbedo.jpg using Guid(036623a8b1be67a4da42af9f4deffb2f) Importer(815301076,1909f56bfc062723c751e8b465ee728b)  -> (artifact id: '86bff4e12651f4efff310b8fe25a7b60') in 0.048714 seconds 
========================================================================
Received Import Request.
  Time since last request: 0.000034 seconds.
  path: Assets/Textures/CliffAlbedoSpecular.psd
  artifactKey: Guid(18214e9d6af6248559d501391856f1c7) Importer(815301076,1909f56bfc062723c751e8b465ee728b)
Start importing Assets/Textures/CliffAlbedoSpecular.psd using Guid(18214e9d6af6248559d501391856f1c7) Importer(815301076,1909f56bfc062723c751e8b465ee728b)  -> (artifact id: '754d127eeb8dd2aa6339d0a1b8bb28d0') in 0.044400 seconds 
========================================================================
Received Import Request.
  Time since last request: 0.000041 seconds.
  path: Assets/Textures/SandAlbedo.psd
  artifactKey: Guid(bfd675cc0db1d4656b75dc6d6ba91142) Importer(815301076,1909f56bfc062723c751e8b465ee728b)
Start importing Assets/Textures/SandAlbedo.psd using Guid(bfd675cc0db1d4656b75dc6d6ba91142) Importer(815301076,1909f56bfc062723c751e8b465ee728b)  -> (artifact id: '0de26bea8e43c393f8f958899862139b') in 0.044167 seconds 
========================================================================
Received Import Request.
  Time since last request: 0.000034 seconds.
  path: Assets/Textures/StoneAlbedo.tif
  artifactKey: Guid(a63e7c0d3c6bcb24cbf7d69f38880663) Importer(815301076,1909f56bfc062723c751e8b465ee728b)
Start importing Assets/Textures/StoneAlbedo.tif using Guid(a63e7c0d3c6bcb24cbf7d69f38880663) Importer(815301076,1909f56bfc062723c751e8b465ee728b)  -> (artifact id: '5508395e3ed0ae10b30d2c50c79b1f2d') in 0.040775 seconds 
========================================================================
Received Import Request.
  Time since last request: 0.000027 seconds.
  path: Assets/Textures/TarmacDirtAlbedo.tif
  artifactKey: Guid(b84916b71d73cb1499d60802482f4323) Importer(815301076,1909f56bfc062723c751e8b465ee728b)
Start importing Assets/Textures/TarmacDirtAlbedo.tif using Guid(b84916b71d73cb1499d60802482f4323) Importer(815301076,1909f56bfc062723c751e8b465ee728b)  -> (artifact id: '24b6f850748172d1509b29e8412686df') in 0.032762 seconds 
========================================================================
Received Import Request.
  Time since last request: 0.000029 seconds.
  path: Assets/Textures/Tarmac.mat
  artifactKey: Guid(8f2c3285fefa50a46a18e24d0fd7b84d) Importer(815301076,1909f56bfc062723c751e8b465ee728b)
Start importing Assets/Textures/Tarmac.mat using Guid(8f2c3285fefa50a46a18e24d0fd7b84d) Importer(815301076,1909f56bfc062723c751e8b465ee728b)  -> (artifact id: 'bcea968ad6b35ed0ba503ee2512039db') in 0.784884 seconds 
========================================================================
Received Import Request.
  Time since last request: 0.000030 seconds.
  path: Assets/Textures/TarmacAlbedo.tif
  artifactKey: Guid(f8888d01657b65d48ada7b5e347d7ce3) Importer(815301076,1909f56bfc062723c751e8b465ee728b)
Start importing Assets/Textures/TarmacAlbedo.tif using Guid(f8888d01657b65d48ada7b5e347d7ce3) Importer(815301076,1909f56bfc062723c751e8b465ee728b)  -> (artifact id: '0817e7271af96bc676e27dda93c167ac') in 0.041841 seconds 
========================================================================
Received Import Request.
  Time since last request: 0.000078 seconds.
  path: Assets/Textures/GrassFrond01AlbedoAlpha.psd
  artifactKey: Guid(2c528fec5d95e4ac28cf46399b887662) Importer(815301076,1909f56bfc062723c751e8b465ee728b)
Start importing Assets/Textures/GrassFrond01AlbedoAlpha.psd using Guid(2c528fec5d95e4ac28cf46399b887662) Importer(815301076,1909f56bfc062723c751e8b465ee728b)  -> (artifact id: '1b799291e9adbfc13a4296073d695bb4') in 0.036944 seconds 
========================================================================
Received Import Request.
  Time since last request: 0.000034 seconds.
  path: Assets/Textures/StoneAlbedo.mat
  artifactKey: Guid(967c45f1a6316814f90ef46281b3bc26) Importer(815301076,1909f56bfc062723c751e8b465ee728b)
Start importing Assets/Textures/StoneAlbedo.mat using Guid(967c45f1a6316814f90ef46281b3bc26) Importer(815301076,1909f56bfc062723c751e8b465ee728b)  -> (artifact id: 'fbea9b928bafe0d9eabbf3065a2a7ffc') in 0.039175 seconds 
========================================================================
Received Import Request.
  Time since last request: 0.000128 seconds.
  path: Assets/Textures/ConcreteSpecularGloss.tif
  artifactKey: Guid(0cfbebd1833e31f45868e69d3da02aa3) Importer(815301076,1909f56bfc062723c751e8b465ee728b)
Start importing Assets/Textures/ConcreteSpecularGloss.tif using Guid(0cfbebd1833e31f45868e69d3da02aa3) Importer(815301076,1909f56bfc062723c751e8b465ee728b)  -> (artifact id: 'b6fbc0fcc38daee8f0e4056124e7db79') in 0.040416 seconds 
========================================================================
Received Import Request.
  Time since last request: 0.000051 seconds.
  path: Assets/Textures/ConcreteAlbedo.tif
  artifactKey: Guid(9c8963b9c31f3284eb03c79760fc23e5) Importer(815301076,1909f56bfc062723c751e8b465ee728b)
Start importing Assets/Textures/ConcreteAlbedo.tif using Guid(9c8963b9c31f3284eb03c79760fc23e5) Importer(815301076,1909f56bfc062723c751e8b465ee728b)  -> (artifact id: 'b5758422ef2cd4fba6cedb6672356032') in 0.045832 seconds 
========================================================================
Received Import Request.
  Time since last request: 0.000040 seconds.
  path: Assets/Textures/CheckerAlbedo.tif
  artifactKey: Guid(6a4ef961bc461724e9bbc090b92b88e4) Importer(815301076,1909f56bfc062723c751e8b465ee728b)
Start importing Assets/Textures/CheckerAlbedo.tif using Guid(6a4ef961bc461724e9bbc090b92b88e4) Importer(815301076,1909f56bfc062723c751e8b465ee728b)  -> (artifact id: '858b83c56fecc6fee46acc7f0b57aa51') in 0.032349 seconds 
========================================================================
Received Import Request.
  Time since last request: 0.000035 seconds.
  path: Assets/Textures/GrassRockyAlbedo.mat
  artifactKey: Guid(cd503d1f604ddbd429bd4a2b29c3755d) Importer(815301076,1909f56bfc062723c751e8b465ee728b)
Start importing Assets/Textures/GrassRockyAlbedo.mat using Guid(cd503d1f604ddbd429bd4a2b29c3755d) Importer(815301076,1909f56bfc062723c751e8b465ee728b)  -> (artifact id: 'e93516f0bda17b80af9739376b16fe4b') in 0.039045 seconds 
========================================================================
Received Import Request.
  Time since last request: 0.000047 seconds.
  path: Assets/Textures/PositionCamera.mat
  artifactKey: Guid(24698e60587df834fbc5ff73fd8684ff) Importer(815301076,1909f56bfc062723c751e8b465ee728b)
Start importing Assets/Textures/PositionCamera.mat using Guid(24698e60587df834fbc5ff73fd8684ff) Importer(815301076,1909f56bfc062723c751e8b465ee728b)  -> (artifact id: 'f49995c4b668b5712529e4df7359bafd') in 0.038497 seconds 
========================================================================
Received Import Request.
  Time since last request: 0.000023 seconds.
  path: Assets/Textures/Concrete.mat
  artifactKey: Guid(3e4ae3ba4ee47a24db55665140d0962d) Importer(815301076,1909f56bfc062723c751e8b465ee728b)
Start importing Assets/Textures/Concrete.mat using Guid(3e4ae3ba4ee47a24db55665140d0962d) Importer(815301076,1909f56bfc062723c751e8b465ee728b)  -> (artifact id: '7c3ebc11fa322f60e320c9178f6a7ac6') in 0.401847 seconds 
========================================================================
Received Import Request.
  Time since last request: 0.000039 seconds.
  path: Assets/Textures/SandAlbedo.mat
  artifactKey: Guid(6bbd30231f5f54b4db18ad6cc76c452c) Importer(815301076,1909f56bfc062723c751e8b465ee728b)
Start importing Assets/Textures/SandAlbedo.mat using Guid(6bbd30231f5f54b4db18ad6cc76c452c) Importer(815301076,1909f56bfc062723c751e8b465ee728b)  -> (artifact id: '4414f04deebe81f963372316896f8200') in 0.044083 seconds 
========================================================================
Received Import Request.
  Time since last request: 0.000047 seconds.
  path: Assets/Textures/GrassRockyAlbedo.psd
  artifactKey: Guid(440eb36db91ca410f800ff3cfe43572f) Importer(815301076,1909f56bfc062723c751e8b465ee728b)
Start importing Assets/Textures/GrassRockyAlbedo.psd using Guid(440eb36db91ca410f800ff3cfe43572f) Importer(815301076,1909f56bfc062723c751e8b465ee728b)  -> (artifact id: '53f7b32eb43472501b1eeb3a808b7c93') in 0.040171 seconds 
========================================================================
Received Import Request.
  Time since last request: 0.000097 seconds.
  path: Assets/Textures/GrassFrond02AlbedoAlpha.psd
  artifactKey: Guid(d6cdc79ec19714fcd980ca3f6ac01a0a) Importer(815301076,1909f56bfc062723c751e8b465ee728b)
Start importing Assets/Textures/GrassFrond02AlbedoAlpha.psd using Guid(d6cdc79ec19714fcd980ca3f6ac01a0a) Importer(815301076,1909f56bfc062723c751e8b465ee728b)  -> (artifact id: '7c74b96e71153e144d62ee2eb99f45e4') in 0.039015 seconds 
========================================================================
Received Import Request.
  Time since last request: 0.000071 seconds.
  path: Assets/Textures/GrassHillAlbedo.mat
  artifactKey: Guid(c99438e49b6a6ce45a9df80985997685) Importer(815301076,1909f56bfc062723c751e8b465ee728b)
Start importing Assets/Textures/GrassHillAlbedo.mat using Guid(c99438e49b6a6ce45a9df80985997685) Importer(815301076,1909f56bfc062723c751e8b465ee728b)  -> (artifact id: '29dfd4e4e1fe6e3b9790623a58a171ed') in 0.041276 seconds 
========================================================================
Received Import Request.
  Time since last request: 0.000034 seconds.
  path: Assets/Textures/RockAlbedo.tif
  artifactKey: Guid(4bf6bf1b073945747b14ef0f91ba63e4) Importer(815301076,1909f56bfc062723c751e8b465ee728b)
Start importing Assets/Textures/RockAlbedo.tif using Guid(4bf6bf1b073945747b14ef0f91ba63e4) Importer(815301076,1909f56bfc062723c751e8b465ee728b)  -> (artifact id: 'b1134f0d0e0ca62075530caa3ecfec90') in 0.045072 seconds 
========================================================================
Received Import Request.
  Time since last request: 0.000043 seconds.
  path: Assets/Textures/Rock.mat
  artifactKey: Guid(91791b347c1292049a27469eec3f09fb) Importer(815301076,1909f56bfc062723c751e8b465ee728b)
Start importing Assets/Textures/Rock.mat using Guid(91791b347c1292049a27469eec3f09fb) Importer(815301076,1909f56bfc062723c751e8b465ee728b)  -> (artifact id: 'ceb4526d5a4dbb115ca4898cfdd5aa2e') in 0.686190 seconds 
========================================================================
Received Import Request.
  Time since last request: 146.796919 seconds.
  path: Assets/Textures/crate0_diffuse.png
  artifactKey: Guid(a8518e1bae4ddb84eab551719ce3c5d6) Importer(815301076,1909f56bfc062723c751e8b465ee728b)
Start importing Assets/Textures/crate0_diffuse.png using Guid(a8518e1bae4ddb84eab551719ce3c5d6) Importer(815301076,1909f56bfc062723c751e8b465ee728b)  -> (artifact id: 'b593cc4a9135c8b4a96c0453ef2bac7f') in 0.054033 seconds 
========================================================================
Received Import Request.
  Time since last request: 0.000040 seconds.
  path: Assets/Textures/crate0_normal.png
  artifactKey: Guid(93d25e712c9dd224b9345918293c4e61) Importer(815301076,1909f56bfc062723c751e8b465ee728b)
Start importing Assets/Textures/crate0_normal.png using Guid(93d25e712c9dd224b9345918293c4e61) Importer(815301076,1909f56bfc062723c751e8b465ee728b)  -> (artifact id: '9e3c635fd72f009f1eb9a590f59dd33c') in 0.028973 seconds 
========================================================================
Received Import Request.
  Time since last request: 307.494912 seconds.
  path: Assets/sounds/bang_02.ogg
  artifactKey: Guid(71b9e631ac690e24091148319bf06ca0) Importer(815301076,1909f56bfc062723c751e8b465ee728b)
Start importing Assets/sounds/bang_02.ogg using Guid(71b9e631ac690e24091148319bf06ca0) Importer(815301076,1909f56bfc062723c751e8b465ee728b)  -> (artifact id: '16726429cdc32245ef3e61660e646210') in 0.163968 seconds 
========================================================================
Received Import Request.
  Time since last request: 0.000099 seconds.
  path: Assets/sounds/bang_05.ogg
  artifactKey: Guid(630550da32a9448458c86e179ad316a6) Importer(815301076,1909f56bfc062723c751e8b465ee728b)
Start importing Assets/sounds/bang_05.ogg using Guid(630550da32a9448458c86e179ad316a6) Importer(815301076,1909f56bfc062723c751e8b465ee728b)  -> (artifact id: '8f87e2fc1dd6f00280ea8b0ce7156caa') in 0.042510 seconds 
========================================================================
Received Import Request.
  Time since last request: 0.000084 seconds.
  path: Assets/sounds/fw_05.ogg
  artifactKey: Guid(2d2e574df0ef80a44b397fe26b80b23b) Importer(815301076,1909f56bfc062723c751e8b465ee728b)
Start importing Assets/sounds/fw_05.ogg using Guid(2d2e574df0ef80a44b397fe26b80b23b) Importer(815301076,1909f56bfc062723c751e8b465ee728b)  -> (artifact id: '9169a7ed455e59852ed6794a4594d08f') in 0.034731 seconds 
========================================================================
Received Import Request.
  Time since last request: 0.000087 seconds.
  path: Assets/sounds/cannon_03.ogg
  artifactKey: Guid(50e5f8ea0ad8db147b6a67ae3c366add) Importer(815301076,1909f56bfc062723c751e8b465ee728b)
Start importing Assets/sounds/cannon_03.ogg using Guid(50e5f8ea0ad8db147b6a67ae3c366add) Importer(815301076,1909f56bfc062723c751e8b465ee728b)  -> (artifact id: '407723924779f2f940f686fc374a4985') in 0.044338 seconds 
========================================================================
Received Import Request.
  Time since last request: 0.000092 seconds.
  path: Assets/sounds/cannon_05.ogg
  artifactKey: Guid(ff3edd2e9c3163547a06097c1d16b6c6) Importer(815301076,1909f56bfc062723c751e8b465ee728b)
Start importing Assets/sounds/cannon_05.ogg using Guid(ff3edd2e9c3163547a06097c1d16b6c6) Importer(815301076,1909f56bfc062723c751e8b465ee728b)  -> (artifact id: '931299818426daf0c803fa2382422be9') in 0.034112 seconds 
========================================================================
Received Import Request.
  Time since last request: 0.000046 seconds.
  path: Assets/sounds/shot_02.ogg
  artifactKey: Guid(ccde07a8831bc1a4b91261d47057be50) Importer(815301076,1909f56bfc062723c751e8b465ee728b)
Start importing Assets/sounds/shot_02.ogg using Guid(ccde07a8831bc1a4b91261d47057be50) Importer(815301076,1909f56bfc062723c751e8b465ee728b)  -> (artifact id: '539db984fa7f802399f9f53693a6dad1') in 0.039905 seconds 
========================================================================
Received Import Request.
  Time since last request: 0.000036 seconds.
  path: Assets/sounds/shot_03.ogg
  artifactKey: Guid(2a094072b6efe40438e9ddaae16c11d2) Importer(815301076,1909f56bfc062723c751e8b465ee728b)
Start importing Assets/sounds/shot_03.ogg using Guid(2a094072b6efe40438e9ddaae16c11d2) Importer(815301076,1909f56bfc062723c751e8b465ee728b)  -> (artifact id: '767a8c60e44c46cd5a0e3d65cf4a1940') in 0.047085 seconds 
========================================================================
Received Import Request.
  Time since last request: 0.000072 seconds.
  path: Assets/sounds/shot_01.ogg
  artifactKey: Guid(3364a9137db66ed4aae8948a0308eaae) Importer(815301076,1909f56bfc062723c751e8b465ee728b)
Start importing Assets/sounds/shot_01.ogg using Guid(3364a9137db66ed4aae8948a0308eaae) Importer(815301076,1909f56bfc062723c751e8b465ee728b)  -> (artifact id: 'eeb2a339b6896c7416a39014a56b3fbf') in 0.033145 seconds 
========================================================================
Received Import Request.
  Time since last request: 0.000063 seconds.
  path: Assets/sounds/fw_01.ogg
  artifactKey: Guid(2ae27b853ae587341b1e0430d04e2aa7) Importer(815301076,1909f56bfc062723c751e8b465ee728b)
Start importing Assets/sounds/fw_01.ogg using Guid(2ae27b853ae587341b1e0430d04e2aa7) Importer(815301076,1909f56bfc062723c751e8b465ee728b)  -> (artifact id: 'c03fdaecfefd733223fca7122a467845') in 0.033132 seconds 
========================================================================
Received Import Request.
  Time since last request: 0.000034 seconds.
  path: Assets/sounds/bang_07.ogg
  artifactKey: Guid(20af496a14b82e9418d03df0ebe636dc) Importer(815301076,1909f56bfc062723c751e8b465ee728b)
Start importing Assets/sounds/bang_07.ogg using Guid(20af496a14b82e9418d03df0ebe636dc) Importer(815301076,1909f56bfc062723c751e8b465ee728b)  -> (artifact id: 'dda908596da48cb82e34eb08779061a8') in 0.041044 seconds 
========================================================================
Received Import Request.
  Time since last request: 26.548669 seconds.
  path: Assets/sounds/chainmail1.wav
  artifactKey: Guid(4910d6aedf0647e4292eee08155ab817) Importer(815301076,1909f56bfc062723c751e8b465ee728b)
Start importing Assets/sounds/chainmail1.wav using Guid(4910d6aedf0647e4292eee08155ab817) Importer(815301076,1909f56bfc062723c751e8b465ee728b)  -> (artifact id: 'b4c57f64add5b0e6448873937a899a5d') in 0.089131 seconds 
========================================================================
Received Import Request.
  Time since last request: 0.000134 seconds.
  path: Assets/sounds/cloth.wav
  artifactKey: Guid(3f6e7e248d3991a43bb974bfbe8bd77f) Importer(815301076,1909f56bfc062723c751e8b465ee728b)
Start importing Assets/sounds/cloth.wav using Guid(3f6e7e248d3991a43bb974bfbe8bd77f) Importer(815301076,1909f56bfc062723c751e8b465ee728b)  -> (artifact id: '6d3176b673d7583b4c7e7e4cb3dcdd7b') in 0.047441 seconds 
========================================================================
Received Import Request.
  Time since last request: 0.000049 seconds.
  path: Assets/sounds/cloth-heavy.wav
  artifactKey: Guid(b96df28907c51634fa3f764a958c00bf) Importer(815301076,1909f56bfc062723c751e8b465ee728b)
Start importing Assets/sounds/cloth-heavy.wav using Guid(b96df28907c51634fa3f764a958c00bf) Importer(815301076,1909f56bfc062723c751e8b465ee728b)  -> (artifact id: 'fb9aa9aa6e59eef7c4068ad31e8ae6b4') in 0.029269 seconds 
========================================================================
Received Import Request.
  Time since last request: 15.125393 seconds.
  path: Assets/sounds/random1.wav
  artifactKey: Guid(e687b1d696b724d4290711482da74cf7) Importer(815301076,1909f56bfc062723c751e8b465ee728b)
Start importing Assets/sounds/random1.wav using Guid(e687b1d696b724d4290711482da74cf7) Importer(815301076,1909f56bfc062723c751e8b465ee728b)  -> (artifact id: 'eb7f02e136a0f9bf0344c113f41c1d7d') in 0.072535 seconds 
========================================================================
Received Import Request.
  Time since last request: 0.000039 seconds.
  path: Assets/sounds/random2.wav
  artifactKey: Guid(a978aa639c67df44cab088fad3cdf5fb) Importer(815301076,1909f56bfc062723c751e8b465ee728b)
Start importing Assets/sounds/random2.wav using Guid(a978aa639c67df44cab088fad3cdf5fb) Importer(815301076,1909f56bfc062723c751e8b465ee728b)  -> (artifact id: '395b09d11c647cd242e9ccd2fb23c6d4') in 0.044377 seconds 
========================================================================
Received Import Request.
  Time since last request: 0.000033 seconds.
  path: Assets/sounds/random5.wav
  artifactKey: Guid(4970a22a4f230164098fdd1c0bb0fd82) Importer(815301076,1909f56bfc062723c751e8b465ee728b)
Start importing Assets/sounds/random5.wav using Guid(4970a22a4f230164098fdd1c0bb0fd82) Importer(815301076,1909f56bfc062723c751e8b465ee728b)  -> (artifact id: '0d1cc25dbec613cc13ce8016098f6cac') in 0.031100 seconds 
========================================================================
Received Import Request.
  Time since last request: 19.709480 seconds.
  path: Assets/sounds/swing2.wav
  artifactKey: Guid(c0df234c62f557247bf10eb6f092d456) Importer(815301076,1909f56bfc062723c751e8b465ee728b)
Start importing Assets/sounds/swing2.wav using Guid(c0df234c62f557247bf10eb6f092d456) Importer(815301076,1909f56bfc062723c751e8b465ee728b)  -> (artifact id: '34026c2802349e708fc0db0c4d37f9b5') in 0.055709 seconds 
========================================================================
Received Import Request.
  Time since last request: 272.318049 seconds.
  path: Assets/3D Haven/Free Fantasy Terrain Textures/Textures/2K Resolution/3DH FTT Cliff_001 2K.png
  artifactKey: Guid(93c63f62e88a872409921df7acdb5a2c) Importer(815301076,1909f56bfc062723c751e8b465ee728b)
Start importing Assets/3D Haven/Free Fantasy Terrain Textures/Textures/2K Resolution/3DH FTT Cliff_001 2K.png using Guid(93c63f62e88a872409921df7acdb5a2c) Importer(815301076,1909f56bfc062723c751e8b465ee728b)  -> (artifact id: 'e9dd51459cfab05817f9f05eda6d18bd') in 0.070816 seconds 
========================================================================
Received Import Request.
  Time since last request: 0.000035 seconds.
  path: Assets/3D Haven/Free Fantasy Terrain Textures/Textures/512 Resolution/3DH FTT Cliff_001 512.png
  artifactKey: Guid(52ac2f0d3701b244e9cdb2c827e5a26e) Importer(815301076,1909f56bfc062723c751e8b465ee728b)
Start importing Assets/3D Haven/Free Fantasy Terrain Textures/Textures/512 Resolution/3DH FTT Cliff_001 512.png using Guid(52ac2f0d3701b244e9cdb2c827e5a26e) Importer(815301076,1909f56bfc062723c751e8b465ee728b)  -> (artifact id: '0971cff364da428488b5735c4a0e9fb9') in 0.048843 seconds 
========================================================================
Received Import Request.
  Time since last request: 0.000070 seconds.
  path: Assets/3D Haven/Free Fantasy Terrain Textures/Textures/512 Resolution/3DH FTT Dirt_001 512.png
  artifactKey: Guid(f7cf7400f7f25c14d8d788dcbc241735) Importer(815301076,1909f56bfc062723c751e8b465ee728b)
Start importing Assets/3D Haven/Free Fantasy Terrain Textures/Textures/512 Resolution/3DH FTT Dirt_001 512.png using Guid(f7cf7400f7f25c14d8d788dcbc241735) Importer(815301076,1909f56bfc062723c751e8b465ee728b)  -> (artifact id: 'a9451154a9d61e4241c42cc2f19bd2cd') in 0.050901 seconds 
========================================================================
Received Import Request.
  Time since last request: 0.000118 seconds.
  path: Assets/3D Haven/Free Fantasy Terrain Textures/Textures/2K Resolution/3DH FTT Dirt_001 2K.png
  artifactKey: Guid(f7e09274236a49c4ba205de0738a1886) Importer(815301076,1909f56bfc062723c751e8b465ee728b)
Start importing Assets/3D Haven/Free Fantasy Terrain Textures/Textures/2K Resolution/3DH FTT Dirt_001 2K.png using Guid(f7e09274236a49c4ba205de0738a1886) Importer(815301076,1909f56bfc062723c751e8b465ee728b)  -> (artifact id: '7db1bb4154bba20688b12444a2360c2f') in 0.065990 seconds 
========================================================================
Received Import Request.
  Time since last request: 8.057996 seconds.
  path: Assets/3D Haven/Free Fantasy Terrain Textures/Textures/2K Resolution/3DH FTT ForestGround_001 2K.png
  artifactKey: Guid(c001fc0c195f3974fb817b2f995d54c9) Importer(815301076,1909f56bfc062723c751e8b465ee728b)
Start importing Assets/3D Haven/Free Fantasy Terrain Textures/Textures/2K Resolution/3DH FTT ForestGround_001 2K.png using Guid(c001fc0c195f3974fb817b2f995d54c9) Importer(815301076,1909f56bfc062723c751e8b465ee728b)  -> (artifact id: '57dae6d6893c3552086968e20f9c177b') in 0.044033 seconds 
========================================================================
Received Import Request.
  Time since last request: 0.000016 seconds.
  path: Assets/3D Haven/Free Fantasy Terrain Textures/Textures/512 Resolution/3DH FTT ForestGround_001 Grass_002 512.png
  artifactKey: Guid(02a2ec7fba35adb4da2e37bc47fcb836) Importer(815301076,1909f56bfc062723c751e8b465ee728b)
Start importing Assets/3D Haven/Free Fantasy Terrain Textures/Textures/512 Resolution/3DH FTT ForestGround_001 Grass_002 512.png using Guid(02a2ec7fba35adb4da2e37bc47fcb836) Importer(815301076,1909f56bfc062723c751e8b465ee728b)  -> (artifact id: '54428479e0689c41eb77c300281de99d') in 0.043446 seconds 
========================================================================
Received Import Request.
  Time since last request: 0.000023 seconds.
  path: Assets/3D Haven/Free Fantasy Terrain Textures/Textures/512 Resolution/3DH FTT ForestGround_001 512.png
  artifactKey: Guid(528c5f3232cf1264e81ef200d8b1b1c3) Importer(815301076,1909f56bfc062723c751e8b465ee728b)
Start importing Assets/3D Haven/Free Fantasy Terrain Textures/Textures/512 Resolution/3DH FTT ForestGround_001 512.png using Guid(528c5f3232cf1264e81ef200d8b1b1c3) Importer(815301076,1909f56bfc062723c751e8b465ee728b)  -> (artifact id: '2a4ec6c9b74637d77fd7c273c6704310') in 0.041099 seconds 
========================================================================
Received Import Request.
  Time since last request: 0.000116 seconds.
  path: Assets/3D Haven/Free Fantasy Terrain Textures/Textures/4K Resolution/3DH FTT ForestGround_001 4K.png
  artifactKey: Guid(a23d315478491644ba8022dc1e057525) Importer(815301076,1909f56bfc062723c751e8b465ee728b)
Start importing Assets/3D Haven/Free Fantasy Terrain Textures/Textures/4K Resolution/3DH FTT ForestGround_001 4K.png using Guid(a23d315478491644ba8022dc1e057525) Importer(815301076,1909f56bfc062723c751e8b465ee728b)  -> (artifact id: '61aeee6be2a6dcc32d54674b47938b30') in 0.078468 seconds 
========================================================================
Received Import Request.
  Time since last request: 50.142723 seconds.
  path: Assets/Models/Supercyan Character Pack Free Sample/Animations/common_people@backwards-run.FBX
  artifactKey: Guid(478fe807cc09b09448250cacc1ab8eb8) Importer(815301076,1909f56bfc062723c751e8b465ee728b)
Start importing Assets/Models/Supercyan Character Pack Free Sample/Animations/common_people@backwards-run.FBX using Guid(478fe807cc09b09448250cacc1ab8eb8) Importer(815301076,1909f56bfc062723c751e8b465ee728b)  -> (artifact id: '411cf178dc61cf489f342d1f48779779') in 0.133414 seconds 
========================================================================
Received Import Request.
  Time since last request: 0.000037 seconds.
  path: Assets/Models/Supercyan Character Pack Free Sample/Animations/common_people@jump-down.FBX
  artifactKey: Guid(e128858833d96dd46adee36a45c805cd) Importer(815301076,1909f56bfc062723c751e8b465ee728b)
Start importing Assets/Models/Supercyan Character Pack Free Sample/Animations/common_people@jump-down.FBX using Guid(e128858833d96dd46adee36a45c805cd) Importer(815301076,1909f56bfc062723c751e8b465ee728b)  -> (artifact id: '8dc0188797fffead771e4198ec0b2248') in 0.069059 seconds 
========================================================================
Received Import Request.
  Time since last request: 1.431794 seconds.
  path: Assets/Models/Supercyan Character Pack Free Sample/Animations/common_people@mpose.FBX
  artifactKey: Guid(45d480461bbdc704587e117329ce8e69) Importer(815301076,1909f56bfc062723c751e8b465ee728b)
Start importing Assets/Models/Supercyan Character Pack Free Sample/Animations/common_people@mpose.FBX using Guid(45d480461bbdc704587e117329ce8e69) Importer(815301076,1909f56bfc062723c751e8b465ee728b)  -> (artifact id: 'c136d0730f5705ac96d89485239d99fd') in 0.029647 seconds 
========================================================================
Received Import Request.
  Time since last request: 0.078592 seconds.
  path: Assets/Models/Supercyan Character Pack Free Sample/Animations/common_people@run.FBX
  artifactKey: Guid(587fb8efeff01634aa9ce8a5af77911a) Importer(815301076,1909f56bfc062723c751e8b465ee728b)
Start importing Assets/Models/Supercyan Character Pack Free Sample/Animations/common_people@run.FBX using Guid(587fb8efeff01634aa9ce8a5af77911a) Importer(815301076,1909f56bfc062723c751e8b465ee728b)  -> (artifact id: '150130e5c3bbc254120a6e97887a35be') in 0.028110 seconds 
========================================================================
Received Import Request.
  Time since last request: 0.041810 seconds.
  path: Assets/Models/Supercyan Character Pack Free Sample/Animations/common_people@wave.FBX
  artifactKey: Guid(09f13c3460d45ed43862ef43c7ddedb1) Importer(815301076,1909f56bfc062723c751e8b465ee728b)
Start importing Assets/Models/Supercyan Character Pack Free Sample/Animations/common_people@wave.FBX using Guid(09f13c3460d45ed43862ef43c7ddedb1) Importer(815301076,1909f56bfc062723c751e8b465ee728b)  -> (artifact id: '659eebfab913adea97f3a85d1629c2e5') in 0.044994 seconds 
========================================================================
Received Import Request.
  Time since last request: 0.285149 seconds.
  path: Assets/Models/Conifer Medium BOTD.prefab
  artifactKey: Guid(abdd95d0229d64588b03d2806d9cc19a) Importer(815301076,1909f56bfc062723c751e8b465ee728b)
Start importing Assets/Models/Conifer Medium BOTD.prefab using Guid(abdd95d0229d64588b03d2806d9cc19a) Importer(815301076,1909f56bfc062723c751e8b465ee728b)  -> (artifact id: '42c031b3272a926cb03e5385eeac7f83') in 1.877808 seconds 
========================================================================
Received Import Request.
  Time since last request: 0.000032 seconds.
  path: Assets/Models/PalmTreeSingleStraightOneSided.prefab
  artifactKey: Guid(20ddc844cd25b244f8005cba06955856) Importer(815301076,1909f56bfc062723c751e8b465ee728b)
Start importing Assets/Models/PalmTreeSingleStraightOneSided.prefab using Guid(20ddc844cd25b244f8005cba06955856) Importer(815301076,1909f56bfc062723c751e8b465ee728b)  -> (artifact id: 'c878bd813b111d3c7a632af34d1def97') in 0.503027 seconds 
========================================================================
Received Import Request.
  Time since last request: 0.000033 seconds.
  path: Assets/Models/Conifer Tall BOTD.prefab
  artifactKey: Guid(f41642586885949968180791f012ee81) Importer(815301076,1909f56bfc062723c751e8b465ee728b)
Start importing Assets/Models/Conifer Tall BOTD.prefab using Guid(f41642586885949968180791f012ee81) Importer(815301076,1909f56bfc062723c751e8b465ee728b)  -> (artifact id: 'ed79ba003a0967063520c10a07313673') in 0.892742 seconds 
========================================================================
Received Import Request.
  Time since last request: 0.000052 seconds.
  path: Assets/Models/WaterBasicNightime.prefab
  artifactKey: Guid(6b436d069d11415d1100ab9b44295342) Importer(815301076,1909f56bfc062723c751e8b465ee728b)
Start importing Assets/Models/WaterBasicNightime.prefab using Guid(6b436d069d11415d1100ab9b44295342) Importer(815301076,1909f56bfc062723c751e8b465ee728b)  -> (artifact id: '9c4c8478ca4a2e4dd4ced9e162188a6a') in 0.046690 seconds 
========================================================================
Received Import Request.
  Time since last request: 54.077486 seconds.
  path: Assets/3D Haven/Free Fantasy Terrain Textures/Textures/1K Resolution/3DH FTT Dirt_002a 1K.png
  artifactKey: Guid(5020511136143724ea1108909fdadc7a) Importer(815301076,1909f56bfc062723c751e8b465ee728b)
Start importing Assets/3D Haven/Free Fantasy Terrain Textures/Textures/1K Resolution/3DH FTT Dirt_002a 1K.png using Guid(5020511136143724ea1108909fdadc7a) Importer(815301076,1909f56bfc062723c751e8b465ee728b)  -> (artifact id: 'c30a915a42132dc976f9dc305c6ef3cd') in 0.040672 seconds 
========================================================================
Received Import Request.
  Time since last request: 0.000014 seconds.
  path: Assets/3D Haven/Free Fantasy Terrain Textures/Textures/1K Resolution/3DH FTT Path_001 1K.png
  artifactKey: Guid(328744a432075d64eb27996e4ff7c550) Importer(815301076,1909f56bfc062723c751e8b465ee728b)
Start importing Assets/3D Haven/Free Fantasy Terrain Textures/Textures/1K Resolution/3DH FTT Path_001 1K.png using Guid(328744a432075d64eb27996e4ff7c550) Importer(815301076,1909f56bfc062723c751e8b465ee728b)  -> (artifact id: 'bd3479bb506a713894c6b1f62b09f018') in 0.037323 seconds 
========================================================================
Received Import Request.
  Time since last request: 0.000081 seconds.
  path: Assets/3D Haven/Free Fantasy Terrain Textures/Textures/1K Resolution/3DH FTT Grass_002 Dirt_001 1K.png
  artifactKey: Guid(f5912f36d334ed541baa86076c53f4fa) Importer(815301076,1909f56bfc062723c751e8b465ee728b)
Start importing Assets/3D Haven/Free Fantasy Terrain Textures/Textures/1K Resolution/3DH FTT Grass_002 Dirt_001 1K.png using Guid(f5912f36d334ed541baa86076c53f4fa) Importer(815301076,1909f56bfc062723c751e8b465ee728b)  -> (artifact id: '00b2fb41a74a6d37e9dd25b8f64bdef4') in 0.038916 seconds 
========================================================================
Received Import Request.
  Time since last request: 0.000030 seconds.
  path: Assets/3D Haven/Free Fantasy Terrain Textures/Textures/1K Resolution/3DH FTT Path_001 ForestGround_001 1K.png
  artifactKey: Guid(5679d41979997c2489dc93c283f62505) Importer(815301076,1909f56bfc062723c751e8b465ee728b)
Start importing Assets/3D Haven/Free Fantasy Terrain Textures/Textures/1K Resolution/3DH FTT Path_001 ForestGround_001 1K.png using Guid(5679d41979997c2489dc93c283f62505) Importer(815301076,1909f56bfc062723c751e8b465ee728b)  -> (artifact id: 'b14ab25268262a20cc32f635c2169216') in 0.058937 seconds 
========================================================================
Received Import Request.
  Time since last request: 0.000017 seconds.
  path: Assets/3D Haven/Free Fantasy Terrain Textures/Textures/1K Resolution/3DH FTT Grass_002 Grass_001a 1K.png
  artifactKey: Guid(fb7a67e29d5a64147b5cb3ee6cae2210) Importer(815301076,1909f56bfc062723c751e8b465ee728b)
Start importing Assets/3D Haven/Free Fantasy Terrain Textures/Textures/1K Resolution/3DH FTT Grass_002 Grass_001a 1K.png using Guid(fb7a67e29d5a64147b5cb3ee6cae2210) Importer(815301076,1909f56bfc062723c751e8b465ee728b)  -> (artifact id: '8952b80ab47bc49a9fa555b7081c1383') in 0.049465 seconds 
========================================================================
Received Import Request.
  Time since last request: 0.000034 seconds.
  path: Assets/3D Haven/Free Fantasy Terrain Textures/Textures/1K Resolution/3DH FTT Rocks_001 1K.png
  artifactKey: Guid(a4368b8ffd49f9246964ebbda9f0bf3c) Importer(815301076,1909f56bfc062723c751e8b465ee728b)
Start importing Assets/3D Haven/Free Fantasy Terrain Textures/Textures/1K Resolution/3DH FTT Rocks_001 1K.png using Guid(a4368b8ffd49f9246964ebbda9f0bf3c) Importer(815301076,1909f56bfc062723c751e8b465ee728b)  -> (artifact id: 'f735b53bb2e25971b8f503273e55b54b') in 0.055286 seconds 
========================================================================
Received Import Request.
  Time since last request: 0.000039 seconds.
  path: Assets/3D Haven/Free Fantasy Terrain Textures/Textures/1K Resolution/3DH FTT Path_001 Abandoned_002 1K.png
  artifactKey: Guid(ba9569097e4cc2e4a821e2521bffe3a1) Importer(815301076,1909f56bfc062723c751e8b465ee728b)
Start importing Assets/3D Haven/Free Fantasy Terrain Textures/Textures/1K Resolution/3DH FTT Path_001 Abandoned_002 1K.png using Guid(ba9569097e4cc2e4a821e2521bffe3a1) Importer(815301076,1909f56bfc062723c751e8b465ee728b)  -> (artifact id: '3a8fbf3d345e57eb0d187d5ab51e3b28') in 0.060437 seconds 
========================================================================
Received Import Request.
  Time since last request: 11.138838 seconds.
  path: Assets/Models/CarParts/FamilyCarCollision.fbx
  artifactKey: Guid(b37bce4519fa07648a6b9e5e034017ec) Importer(815301076,1909f56bfc062723c751e8b465ee728b)
Start importing Assets/Models/CarParts/FamilyCarCollision.fbx using Guid(b37bce4519fa07648a6b9e5e034017ec) Importer(815301076,1909f56bfc062723c751e8b465ee728b)  -> (artifact id: '0635a6a60d3a7bf2c402f948f3d6e23b') in 0.044105 seconds 
========================================================================
Received Import Request.
  Time since last request: 0.000018 seconds.
  path: Assets/Models/CarParts/SportsCarCollision.fbx
  artifactKey: Guid(7850de0a286adbf41a42b7bda7ad8cea) Importer(815301076,1909f56bfc062723c751e8b465ee728b)
Start importing Assets/Models/CarParts/SportsCarCollision.fbx using Guid(7850de0a286adbf41a42b7bda7ad8cea) Importer(815301076,1909f56bfc062723c751e8b465ee728b)  -> (artifact id: '36e8e2805898697d7d3917af18b87cf6') in 0.048265 seconds 
========================================================================
Received Import Request.
  Time since last request: 0.000021 seconds.
  path: Assets/Models/Supercyan Character Pack Free Sample/Models/free_male_1.FBX
  artifactKey: Guid(461413943bab6ef40aa2a33f18380180) Importer(815301076,1909f56bfc062723c751e8b465ee728b)
Start importing Assets/Models/Supercyan Character Pack Free Sample/Models/free_male_1.FBX using Guid(461413943bab6ef40aa2a33f18380180) Importer(815301076,1909f56bfc062723c751e8b465ee728b)  -> (artifact id: '84e34b99bc70d4160f5caf67974fdb7e') in 0.049644 seconds 
========================================================================
Received Import Request.
  Time since last request: 0.000018 seconds.
  path: Assets/HousePack/Models/House8/House8.FBX
  artifactKey: Guid(c1df704ea7a42c14aa1afe9c571c06b5) Importer(815301076,1909f56bfc062723c751e8b465ee728b)
Start importing Assets/HousePack/Models/House8/House8.FBX using Guid(c1df704ea7a42c14aa1afe9c571c06b5) Importer(815301076,1909f56bfc062723c751e8b465ee728b)  -> (artifact id: 'ebf3ad3a6169708dcb786b16b434aa23') in 0.199055 seconds 
========================================================================
Received Import Request.
  Time since last request: 0.000021 seconds.
  path: Assets/Models/CarParts/TruckChassis.FBX
  artifactKey: Guid(bce746113b5d1714b9f1c012fad3a8b9) Importer(815301076,1909f56bfc062723c751e8b465ee728b)
Start importing Assets/Models/CarParts/TruckChassis.FBX using Guid(bce746113b5d1714b9f1c012fad3a8b9) Importer(815301076,1909f56bfc062723c751e8b465ee728b)  -> (artifact id: '7e6f1b17c0a10d56f2de6f3009e01946') in 0.295733 seconds 
========================================================================
Received Import Request.
  Time since last request: 0.000025 seconds.
  path: Assets/Models/PalmTreeParts/Meshes/PalmTreeDualBended.FBX
  artifactKey: Guid(31e0cf65c1498bb459ad7f1c13ad1abc) Importer(815301076,1909f56bfc062723c751e8b465ee728b)
Start importing Assets/Models/PalmTreeParts/Meshes/PalmTreeDualBended.FBX using Guid(31e0cf65c1498bb459ad7f1c13ad1abc) Importer(815301076,1909f56bfc062723c751e8b465ee728b)  -> (artifact id: 'd0e91402e0de1797cdd5414162da51d2') in 0.086468 seconds 
========================================================================
Received Import Request.
  Time since last request: 0.000021 seconds.
  path: Assets/Models/WaterParts/Water (Basic)/Models/WaterBasicPlane.fbx
  artifactKey: Guid(ce8d79c79d11b8f9d00076e98d76c639) Importer(815301076,1909f56bfc062723c751e8b465ee728b)
Start importing Assets/Models/WaterParts/Water (Basic)/Models/WaterBasicPlane.fbx using Guid(ce8d79c79d11b8f9d00076e98d76c639) Importer(815301076,1909f56bfc062723c751e8b465ee728b)  -> (artifact id: 'ce9a7e553d011c4d16f863dbc00fe9d3') in 0.048216 seconds 
========================================================================
Received Import Request.
  Time since last request: 0.000024 seconds.
  path: Assets/Models/CarParts/TruckCollision.fbx
  artifactKey: Guid(b43c09d6dce10504fa8a843c78b133ae) Importer(815301076,1909f56bfc062723c751e8b465ee728b)
Start importing Assets/Models/CarParts/TruckCollision.fbx using Guid(b43c09d6dce10504fa8a843c78b133ae) Importer(815301076,1909f56bfc062723c751e8b465ee728b)  -> (artifact id: '1957cb7fc9c07d35f5c0b41d4303fd22') in 0.067114 seconds 
========================================================================
Received Import Request.
  Time since last request: 0.000028 seconds.
  path: Assets/HousePack/Models/House5/House5.FBX
  artifactKey: Guid(16f215b55eebb1b43918cc5aef5c78fa) Importer(815301076,1909f56bfc062723c751e8b465ee728b)
Start importing Assets/HousePack/Models/House5/House5.FBX using Guid(16f215b55eebb1b43918cc5aef5c78fa) Importer(815301076,1909f56bfc062723c751e8b465ee728b)  -> (artifact id: '68664837d33d470360c0170732241047') in 0.095323 seconds 
========================================================================
Received Import Request.
  Time since last request: 0.000074 seconds.
  path: Assets/HousePack/Models/House1/House1.FBX
  artifactKey: Guid(c3d67df85cdf2904db4b914ddd22ad38) Importer(815301076,1909f56bfc062723c751e8b465ee728b)
Start importing Assets/HousePack/Models/House1/House1.FBX using Guid(c3d67df85cdf2904db4b914ddd22ad38) Importer(815301076,1909f56bfc062723c751e8b465ee728b)  -> (artifact id: 'e6b366bc8d88098c3d1750390eed09d6') in 0.061563 seconds 
========================================================================
Received Import Request.
  Time since last request: 0.000045 seconds.
  path: Assets/Models/RockParts/Rock.FBX
  artifactKey: Guid(f0ba6574de89eb04284da26a16acae1c) Importer(815301076,1909f56bfc062723c751e8b465ee728b)
Start importing Assets/Models/RockParts/Rock.FBX using Guid(f0ba6574de89eb04284da26a16acae1c) Importer(815301076,1909f56bfc062723c751e8b465ee728b)  -> (artifact id: '8fc63f3439ce490bb97966f484b1683c') in 0.061762 seconds 
========================================================================
Received Import Request.
  Time since last request: 0.000024 seconds.
  path: Assets/Models/WaterParts/Water/Water4/Models/OceanPlane.FBX
  artifactKey: Guid(681e41ee1260343b395ca58745c94870) Importer(815301076,1909f56bfc062723c751e8b465ee728b)
Start importing Assets/Models/WaterParts/Water/Water4/Models/OceanPlane.FBX using Guid(681e41ee1260343b395ca58745c94870) Importer(815301076,1909f56bfc062723c751e8b465ee728b)  -> (artifact id: '659069be245dd33851b62b7d5bfc3ee4') in 0.058640 seconds 
========================================================================
Received Import Request.
  Time since last request: 0.000375 seconds.
  path: Assets/Models/CarParts/FamilyCarTyre.fbx
  artifactKey: Guid(97f87d11d3a694e49a88aa3aaea4e0b6) Importer(815301076,1909f56bfc062723c751e8b465ee728b)
Start importing Assets/Models/CarParts/FamilyCarTyre.fbx using Guid(97f87d11d3a694e49a88aa3aaea4e0b6) Importer(815301076,1909f56bfc062723c751e8b465ee728b)  -> (artifact id: 'b12c0e58bfbc67c74cf6841e8f2f620d') in 0.049626 seconds 
========================================================================
Received Import Request.
  Time since last request: 0.000020 seconds.
  path: Assets/Models/CarParts/TruckTyre.FBX
  artifactKey: Guid(3768588589245694eafca79d735753e5) Importer(815301076,1909f56bfc062723c751e8b465ee728b)
Start importing Assets/Models/CarParts/TruckTyre.FBX using Guid(3768588589245694eafca79d735753e5) Importer(815301076,1909f56bfc062723c751e8b465ee728b)  -> (artifact id: '77f8028374721354545991a8f6e8214d') in 0.052504 seconds 
========================================================================
Received Import Request.
  Time since last request: 0.000033 seconds.
  path: Assets/Models/PalmTreeParts/Meshes/PalmTreeDualStraight.FBX
  artifactKey: Guid(6a19eafc9d24ca04fb2d532742cc211d) Importer(815301076,1909f56bfc062723c751e8b465ee728b)
Start importing Assets/Models/PalmTreeParts/Meshes/PalmTreeDualStraight.FBX using Guid(6a19eafc9d24ca04fb2d532742cc211d) Importer(815301076,1909f56bfc062723c751e8b465ee728b)  -> (artifact id: 'c56e4edbb9fe1927f01f95b054b07f07') in 0.102773 seconds 
========================================================================
Received Import Request.
  Time since last request: 0.000037 seconds.
  path: Assets/HousePack/Models/House10/House10.FBX
  artifactKey: Guid(d103edeffc2ce7a4398733bb5617f8df) Importer(815301076,1909f56bfc062723c751e8b465ee728b)
Start importing Assets/HousePack/Models/House10/House10.FBX using Guid(d103edeffc2ce7a4398733bb5617f8df) Importer(815301076,1909f56bfc062723c751e8b465ee728b)  -> (artifact id: '7d15122038ff9f77a95c38124dc2f887') in 0.064045 seconds 
========================================================================
Received Import Request.
  Time since last request: 0.000018 seconds.
  path: Assets/Models/PalmTreeParts/Meshes/PalmTreeTrio.FBX
  artifactKey: Guid(f9899d40134ed2642b1712b4bcede2de) Importer(815301076,1909f56bfc062723c751e8b465ee728b)
Start importing Assets/Models/PalmTreeParts/Meshes/PalmTreeTrio.FBX using Guid(f9899d40134ed2642b1712b4bcede2de) Importer(815301076,1909f56bfc062723c751e8b465ee728b)  -> (artifact id: '10f7c377f293249c2ce0cc32b94526df') in 0.066171 seconds 
========================================================================
Received Import Request.
  Time since last request: 0.000021 seconds.
  path: Assets/HousePack/Models/House2/House2.FBX
  artifactKey: Guid(d7157c3ded42206408dcd9251fde3233) Importer(815301076,1909f56bfc062723c751e8b465ee728b)
Start importing Assets/HousePack/Models/House2/House2.FBX using Guid(d7157c3ded42206408dcd9251fde3233) Importer(815301076,1909f56bfc062723c751e8b465ee728b)  -> (artifact id: '24bbfef7d22a6315e9e95784f5becf28') in 0.058587 seconds 
========================================================================
Received Import Request.
  Time since last request: 0.000173 seconds.
  path: Assets/Models/CarParts/SportsCarChassis.fbx
  artifactKey: Guid(e18a086252957a04d968114e3af8cc6d) Importer(815301076,1909f56bfc062723c751e8b465ee728b)
Start importing Assets/Models/CarParts/SportsCarChassis.fbx using Guid(e18a086252957a04d968114e3af8cc6d) Importer(815301076,1909f56bfc062723c751e8b465ee728b)  -> (artifact id: 'fe8488a664f83d12f600c159d1d5f8be') in 0.070667 seconds 
========================================================================
Received Import Request.
  Time since last request: 0.000086 seconds.
  path: Assets/HousePack/Models/House7/House7.FBX
  artifactKey: Guid(db448027dd9e4cb46aa518068c86fd88) Importer(815301076,1909f56bfc062723c751e8b465ee728b)
Start importing Assets/HousePack/Models/House7/House7.FBX using Guid(db448027dd9e4cb46aa518068c86fd88) Importer(815301076,1909f56bfc062723c751e8b465ee728b)  -> (artifact id: '85163e11ae4dc244d163075730833568') in 0.098933 seconds 
========================================================================
Received Import Request.
  Time since last request: 0.000025 seconds.
  path: Assets/Models/WaterParts/Water/Water/Models/WaterPlane.fbx
  artifactKey: Guid(ba6a41dc489914734857bb5924eb70ad) Importer(815301076,1909f56bfc062723c751e8b465ee728b)
Start importing Assets/Models/WaterParts/Water/Water/Models/WaterPlane.fbx using Guid(ba6a41dc489914734857bb5924eb70ad) Importer(815301076,1909f56bfc062723c751e8b465ee728b)  -> (artifact id: '711776f435ec9498746d31994229b622') in 0.055974 seconds 
========================================================================
Received Import Request.
  Time since last request: 0.000064 seconds.
  path: Assets/Models/RockParts/RocksScatter.FBX
  artifactKey: Guid(b6c08721469f7784b859e1f6d313e0a3) Importer(815301076,1909f56bfc062723c751e8b465ee728b)
Start importing Assets/Models/RockParts/RocksScatter.FBX using Guid(b6c08721469f7784b859e1f6d313e0a3) Importer(815301076,1909f56bfc062723c751e8b465ee728b)  -> (artifact id: '876c7b133bd4e4f9fedba7f507983c6e') in 0.036908 seconds 
========================================================================
Received Import Request.
  Time since last request: 0.000206 seconds.
  path: Assets/Models/TrackBarriersCollision.fbx
  artifactKey: Guid(5034f0cc24d3b494ba04dccdb3d65b95) Importer(815301076,1909f56bfc062723c751e8b465ee728b)
Start importing Assets/Models/TrackBarriersCollision.fbx using Guid(5034f0cc24d3b494ba04dccdb3d65b95) Importer(815301076,1909f56bfc062723c751e8b465ee728b)  -> (artifact id: 'f28ff188512692465848c2028e826cbf') in 0.072138 seconds 
========================================================================
Received Import Request.
  Time since last request: 1.738222 seconds.
  path: Assets/Models/Deciduous2.prefab
  artifactKey: Guid(8b2d47fdc2e25ac4f9721480a68bbefa) Importer(815301076,1909f56bfc062723c751e8b465ee728b)
Start importing Assets/Models/Deciduous2.prefab using Guid(8b2d47fdc2e25ac4f9721480a68bbefa) Importer(815301076,1909f56bfc062723c751e8b465ee728b)  -> (artifact id: '07b87247883f58b34e5b87510be3e50a') in 0.567346 seconds 
========================================================================
Received Import Request.
  Time since last request: 0.000036 seconds.
  path: Assets/Models/PalmTreeDualBendedOneSided.prefab
  artifactKey: Guid(38291ecd3571d294ead9e9d15c345a6d) Importer(815301076,1909f56bfc062723c751e8b465ee728b)
Start importing Assets/Models/PalmTreeDualBendedOneSided.prefab using Guid(38291ecd3571d294ead9e9d15c345a6d) Importer(815301076,1909f56bfc062723c751e8b465ee728b)  -> (artifact id: 'ec03269cec1c9faa20d5f9dae7dad879') in 0.067364 seconds 
========================================================================
Received Import Request.
  Time since last request: 0.000028 seconds.
  path: Assets/Models/SportsCar.prefab
  artifactKey: Guid(53c496fec7e88b444858ad01c2739816) Importer(815301076,1909f56bfc062723c751e8b465ee728b)
Start importing Assets/Models/SportsCar.prefab using Guid(53c496fec7e88b444858ad01c2739816) Importer(815301076,1909f56bfc062723c751e8b465ee728b)  -> (artifact id: '9855ed9be6fea012d4f6a05845db92b3') in 0.070622 seconds 
========================================================================
Received Import Request.
  Time since last request: 0.000024 seconds.
  path: Assets/Models/WaterBasicDaytime.prefab
  artifactKey: Guid(9485b0c79d11e2e4d0007da98d76c639) Importer(815301076,1909f56bfc062723c751e8b465ee728b)
Start importing Assets/Models/WaterBasicDaytime.prefab using Guid(9485b0c79d11e2e4d0007da98d76c639) Importer(815301076,1909f56bfc062723c751e8b465ee728b)  -> (artifact id: '67b377ce6ce5c65efc3d23a56a0a4ba4') in 0.062408 seconds 
========================================================================
Received Import Request.
  Time since last request: 0.000035 seconds.
  path: Assets/Models/Truck.prefab
  artifactKey: Guid(7795f89d42f39da46a9ce99e3b258355) Importer(815301076,1909f56bfc062723c751e8b465ee728b)
Start importing Assets/Models/Truck.prefab using Guid(7795f89d42f39da46a9ce99e3b258355) Importer(815301076,1909f56bfc062723c751e8b465ee728b)  -> (artifact id: 'e91b70c5034002f5f55eb8428b9f36c1') in 0.067145 seconds 
========================================================================
Received Import Request.
  Time since last request: 0.000031 seconds.
  path: Assets/Models/PalmTreeDualBendedTwoSided.prefab
  artifactKey: Guid(785bfd81c9fb838469851c06eb415f7a) Importer(815301076,1909f56bfc062723c751e8b465ee728b)
Start importing Assets/Models/PalmTreeDualBendedTwoSided.prefab using Guid(785bfd81c9fb838469851c06eb415f7a) Importer(815301076,1909f56bfc062723c751e8b465ee728b)  -> (artifact id: '8d0e16783f843e7590b1c1ec10021bf4') in 0.078150 seconds 
========================================================================
Received Import Request.
  Time since last request: 0.000049 seconds.
  path: Assets/Models/Deciduous4.prefab
  artifactKey: Guid(9b8fc966f95ea9c4194dc091fc40b478) Importer(815301076,1909f56bfc062723c751e8b465ee728b)
Start importing Assets/Models/Deciduous4.prefab using Guid(9b8fc966f95ea9c4194dc091fc40b478) Importer(815301076,1909f56bfc062723c751e8b465ee728b)  -> (artifact id: '2ed6685cffbb1d635aa7b3ec2f0df2dd') in 0.121499 seconds 
========================================================================
Received Import Request.
  Time since last request: 0.000032 seconds.
  path: Assets/Models/Water4Advanced.prefab
  artifactKey: Guid(b544816461f324e56a39767fdeb5b114) Importer(815301076,1909f56bfc062723c751e8b465ee728b)
Start importing Assets/Models/Water4Advanced.prefab using Guid(b544816461f324e56a39767fdeb5b114) Importer(815301076,1909f56bfc062723c751e8b465ee728b)  -> (artifact id: 'ed0390da3aa7f5a8c4534e94f0eebcd8') in 0.070359 seconds 
========================================================================
Received Import Request.
  Time since last request: 0.000043 seconds.
  path: Assets/Models/PalmTreeSingleBendedOneSided.prefab
  artifactKey: Guid(b22d7dcea44833b4ab41d64beb6e42c8) Importer(815301076,1909f56bfc062723c751e8b465ee728b)
Start importing Assets/Models/PalmTreeSingleBendedOneSided.prefab using Guid(b22d7dcea44833b4ab41d64beb6e42c8) Importer(815301076,1909f56bfc062723c751e8b465ee728b)  -> (artifact id: '419f11a85eea4957ca100fc9f1cb132f') in 0.067545 seconds 
========================================================================
Received Import Request.
  Time since last request: 0.000044 seconds.
  path: Assets/Models/SpeedBumps.prefab
  artifactKey: Guid(1d6d8bf4091ad454b949c3b23e94fae3) Importer(815301076,1909f56bfc062723c751e8b465ee728b)
Start importing Assets/Models/SpeedBumps.prefab using Guid(1d6d8bf4091ad454b949c3b23e94fae3) Importer(815301076,1909f56bfc062723c751e8b465ee728b)  -> (artifact id: '2de3e100e4367cf0ed7391f5866e253f') in 0.071692 seconds 
========================================================================
Received Import Request.
  Time since last request: 0.000054 seconds.
  path: Assets/Models/PalmTreeDualStraightTwoSided.prefab
  artifactKey: Guid(5e617e90ac28ce7488be6a63235b1f32) Importer(815301076,1909f56bfc062723c751e8b465ee728b)
Start importing Assets/Models/PalmTreeDualStraightTwoSided.prefab using Guid(5e617e90ac28ce7488be6a63235b1f32) Importer(815301076,1909f56bfc062723c751e8b465ee728b)  -> (artifact id: '24a670f23636eddf03496b6513a09e13') in 0.066763 seconds 
========================================================================
Received Import Request.
  Time since last request: 0.000026 seconds.
  path: Assets/Models/PalmTreeDualStraightOneSided.prefab
  artifactKey: Guid(b9a200fc20bd2b54392b467e9411a431) Importer(815301076,1909f56bfc062723c751e8b465ee728b)
Start importing Assets/Models/PalmTreeDualStraightOneSided.prefab using Guid(b9a200fc20bd2b54392b467e9411a431) Importer(815301076,1909f56bfc062723c751e8b465ee728b)  -> (artifact id: '12ab04b98fc4570db79cb1cc579f4c96') in 0.090438 seconds 
========================================================================
Received Import Request.
  Time since last request: 6.760616 seconds.
  path: Assets/Models/Grass/Grass 2.png
  artifactKey: Guid(62ccf45c509ff1946ad9fa10b558a01d) Importer(815301076,1909f56bfc062723c751e8b465ee728b)
Start importing Assets/Models/Grass/Grass 2.png using Guid(62ccf45c509ff1946ad9fa10b558a01d) Importer(815301076,1909f56bfc062723c751e8b465ee728b)  -> (artifact id: 'a8db56d8e594796dbb7110c9b44ebad9') in 0.038219 seconds 
========================================================================
Received Import Request.
  Time since last request: 0.000018 seconds.
  path: Assets/Models/Grass/Grass 3.png
  artifactKey: Guid(db18f1e4d61f8cc439e35dfd023b6d3e) Importer(815301076,1909f56bfc062723c751e8b465ee728b)
Start importing Assets/Models/Grass/Grass 3.png using Guid(db18f1e4d61f8cc439e35dfd023b6d3e) Importer(815301076,1909f56bfc062723c751e8b465ee728b)  -> (artifact id: '18a3f0974ab64d4fb32952a210e8e705') in 0.052361 seconds 
========================================================================
Received Import Request.
  Time since last request: 47.942941 seconds.
  path: Assets/Fantasy Forest Environment Free Sample/Meshes/Prefabs/tree_1.prefab
  artifactKey: Guid(eded051879df4c147b9010199d240258) Importer(815301076,1909f56bfc062723c751e8b465ee728b)
Start importing Assets/Fantasy Forest Environment Free Sample/Meshes/Prefabs/tree_1.prefab using Guid(eded051879df4c147b9010199d240258) Importer(815301076,1909f56bfc062723c751e8b465ee728b)  -> (artifact id: '230e53ef56c1613d501af43b38160bde') in 0.551669 seconds 
========================================================================
Received Import Request.
  Time since last request: 347.835743 seconds.
  path: Assets/HousePack/Perfabs/House2.prefab
  artifactKey: Guid(148c959f2024f81498bfe1a565c3a0cb) Importer(815301076,1909f56bfc062723c751e8b465ee728b)
Start importing Assets/HousePack/Perfabs/House2.prefab using Guid(148c959f2024f81498bfe1a565c3a0cb) Importer(815301076,1909f56bfc062723c751e8b465ee728b)  -> (artifact id: 'c699028661cf1a3e2819a91d323bff29') in 0.043463 seconds 
========================================================================
Received Import Request.
  Time since last request: 0.000057 seconds.
  path: Assets/HousePack/Perfabs/House7.prefab
  artifactKey: Guid(8e888a9b2caa8f34aa28745d02ea24fb) Importer(815301076,1909f56bfc062723c751e8b465ee728b)
Start importing Assets/HousePack/Perfabs/House7.prefab using Guid(8e888a9b2caa8f34aa28745d02ea24fb) Importer(815301076,1909f56bfc062723c751e8b465ee728b)  -> (artifact id: '1cb967436217bf4f0be25e3fbbc7413a') in 0.044639 seconds 
========================================================================
Received Import Request.
  Time since last request: 0.000063 seconds.
  path: Assets/HousePack/Perfabs/House8.prefab
  artifactKey: Guid(84d816b90a9224a46a067fbdcdc7ad63) Importer(815301076,1909f56bfc062723c751e8b465ee728b)
Start importing Assets/HousePack/Perfabs/House8.prefab using Guid(84d816b90a9224a46a067fbdcdc7ad63) Importer(815301076,1909f56bfc062723c751e8b465ee728b)  -> (artifact id: '3ed4a6b736c1741374dfb700000821d9') in 0.038814 seconds 
========================================================================
Received Import Request.
  Time since last request: 0.000172 seconds.
  path: Assets/HousePack/Perfabs/House4.prefab
  artifactKey: Guid(97686e80dd94cb04c9b02de1bf64121e) Importer(815301076,1909f56bfc062723c751e8b465ee728b)
Start importing Assets/HousePack/Perfabs/House4.prefab using Guid(97686e80dd94cb04c9b02de1bf64121e) Importer(815301076,1909f56bfc062723c751e8b465ee728b)  -> (artifact id: '937020de1ae26e42b1f3f277a0e9c693') in 0.040387 seconds 
========================================================================
Received Import Request.
  Time since last request: 0.000052 seconds.
  path: Assets/HousePack/Perfabs/House5.prefab
  artifactKey: Guid(9177f38d5b69e5c4a9ff22283c83fb5e) Importer(815301076,1909f56bfc062723c751e8b465ee728b)
Start importing Assets/HousePack/Perfabs/House5.prefab using Guid(9177f38d5b69e5c4a9ff22283c83fb5e) Importer(815301076,1909f56bfc062723c751e8b465ee728b)  -> (artifact id: 'b39a74406afb5b1e11bf79053b64ae6c') in 0.037533 seconds 
========================================================================
Received Prepare
Registering precompiled user dll's ...
Registered in 0.004903 seconds.
Begin MonoManager ReloadAssembly
Native extension for WindowsStandalone target not found
Refreshing native plugins compatible for Editor in 1.19 ms, found 2 plugins.
Preloading 0 native plugins for Editor in 0.00 ms.
Mono: successfully reloaded assembly
- Completed reload, in  1.315 seconds
Domain Reload Profiling:
	ReloadAssembly (1317ms)
		BeginReloadAssembly (172ms)
			ExecutionOrderSort (0ms)
			DisableScriptedObjects (10ms)
			BackupInstance (0ms)
			ReleaseScriptingObjects (0ms)
			CreateAndSetChildDomain (46ms)
		EndReloadAssembly (973ms)
			LoadAssemblies (113ms)
			RebuildTransferFunctionScriptingTraits (0ms)
			SetupTypeCache (300ms)
			ReleaseScriptCaches (1ms)
			RebuildScriptCaches (54ms)
			SetupLoadedEditorAssemblies (437ms)
				LogAssemblyErrors (0ms)
				InitializePlatformSupportModulesInManaged (16ms)
				SetLoadedEditorAssemblies (1ms)
				RefreshPlugins (1ms)
				BeforeProcessingInitializeOnLoad (69ms)
				ProcessInitializeOnLoadAttributes (300ms)
				ProcessInitializeOnLoadMethodAttributes (41ms)
				AfterProcessingInitializeOnLoad (7ms)
				EditorAssembliesLoaded (0ms)
			ExecutionOrderSort2 (0ms)
			AwakeInstancesAfterBackupRestoration (10ms)
Platform modules already initialized, skipping
Refreshing native plugins compatible for Editor in 1.39 ms, found 2 plugins.
Preloading 0 native plugins for Editor in 0.00 ms.
Unloading 1878 Unused Serialized files (Serialized files now loaded: 0)
Unloading 24 unused Assets / (1.2 MB). Loaded Objects now: 2468.
Memory consumption went from 112.2 MB to 111.0 MB.
Total: 3.890500 ms (FindLiveObjects: 0.300200 ms CreateObjectMapping: 0.122100 ms MarkObjects: 3.219100 ms  DeleteObjects: 0.248100 ms)

AssetImportParameters requested are different than current active one (requested -> active):
  custom:video-decoder-ogg-theora: a1e56fd34408186e4bbccfd4996cb3dc -> 
  custom:container-muxer-webm: aa71ff27fc2769a1b78a27578f13a17b -> 
  custom:container-demuxer-webm: 4f35f7cbe854078d1ac9338744f61a02 -> 
  custom:video-encoder-webm-vp8: eb34c28f22e8b96e1ab97ce403110664 -> 
  custom:audio-encoder-webm-vorbis: bf7c407c2cedff20999df2af8eb42d56 -> 
  custom:framework-win-MediaFoundation: 216162199b28c13a410421893ffa2e32 -> 
  custom:container-demuxer-ogg: 62fdf1f143b41e24485cea50d1cbac27 -> 
  custom:video-decoder-webm-vp8: 9c59270c3fd7afecdb556c50c9e8de78 -> 
  custom:audio-decoder-ogg-vorbis: bf7c407c2cedff20999df2af8eb42d56 -> 
========================================================================
Received Prepare
Registering precompiled user dll's ...
Registered in 0.003691 seconds.
Begin MonoManager ReloadAssembly
Native extension for WindowsStandalone target not found
Refreshing native plugins compatible for Editor in 0.56 ms, found 2 plugins.
Preloading 0 native plugins for Editor in 0.00 ms.
Mono: successfully reloaded assembly
- Completed reload, in  1.212 seconds
Domain Reload Profiling:
	ReloadAssembly (1212ms)
		BeginReloadAssembly (132ms)
			ExecutionOrderSort (0ms)
			DisableScriptedObjects (7ms)
			BackupInstance (0ms)
			ReleaseScriptingObjects (0ms)
			CreateAndSetChildDomain (36ms)
		EndReloadAssembly (955ms)
			LoadAssemblies (75ms)
			RebuildTransferFunctionScriptingTraits (0ms)
			SetupTypeCache (274ms)
			ReleaseScriptCaches (2ms)
			RebuildScriptCaches (52ms)
			SetupLoadedEditorAssemblies (474ms)
				LogAssemblyErrors (0ms)
				InitializePlatformSupportModulesInManaged (13ms)
				SetLoadedEditorAssemblies (0ms)
				RefreshPlugins (1ms)
				BeforeProcessingInitializeOnLoad (78ms)
				ProcessInitializeOnLoadAttributes (320ms)
				ProcessInitializeOnLoadMethodAttributes (56ms)
				AfterProcessingInitializeOnLoad (6ms)
				EditorAssembliesLoaded (0ms)
			ExecutionOrderSort2 (0ms)
			AwakeInstancesAfterBackupRestoration (12ms)
Platform modules already initialized, skipping
Refreshing native plugins compatible for Editor in 1.60 ms, found 2 plugins.
Preloading 0 native plugins for Editor in 0.00 ms.
Unloading 1877 Unused Serialized files (Serialized files now loaded: 0)
Unloading 24 unused Assets / (1.2 MB). Loaded Objects now: 2471.
Memory consumption went from 112.0 MB to 110.8 MB.
Total: 5.436700 ms (FindLiveObjects: 0.258000 ms CreateObjectMapping: 0.112500 ms MarkObjects: 4.693000 ms  DeleteObjects: 0.370700 ms)

AssetImportParameters requested are different than current active one (requested -> active):
  custom:video-decoder-ogg-theora: a1e56fd34408186e4bbccfd4996cb3dc -> 
  custom:container-muxer-webm: aa71ff27fc2769a1b78a27578f13a17b -> 
  custom:container-demuxer-webm: 4f35f7cbe854078d1ac9338744f61a02 -> 
  custom:video-encoder-webm-vp8: eb34c28f22e8b96e1ab97ce403110664 -> 
  custom:audio-encoder-webm-vorbis: bf7c407c2cedff20999df2af8eb42d56 -> 
  custom:framework-win-MediaFoundation: 216162199b28c13a410421893ffa2e32 -> 
  custom:container-demuxer-ogg: 62fdf1f143b41e24485cea50d1cbac27 -> 
  custom:video-decoder-webm-vp8: 9c59270c3fd7afecdb556c50c9e8de78 -> 
  custom:audio-decoder-ogg-vorbis: bf7c407c2cedff20999df2af8eb42d56 -> 
